 Processing 'fab1' ...
     fab1 created with warnings
        (see log file)
 Processing 'fab2' ...
     fab2 created.
 Processing 'assy1' ...
     assy1 created.
 Processing 'assy2' ...
     assy2 created.
 Processing 'l1_primary' ...
     l1_primary created.
 Processing 'l2_secondary' ...
     l2_secondary created.
 Processing 'silk_prm' ...
     silk_prm created.
 Processing 'mask_prm' ...
     mask_prm created.
 Processing 'silk_sec' ...
     silk_sec created.
 Processing 'mask_sec' ...
     mask_sec created.
 Processing 'paste_prm' ...
     paste_prm created.

 ARTWORK had warnings
