(---------------------------------------------------------------------)
(                                                                     )
(    Backdrill Analysis Log File                                      )
(                                                                     )
(    Drawing          : 08_042340a.brd                                )
(    Software Version : 16.6-2015S074                                 )
(    Date/Time        : Tue Aug 30 11:21:32 2016                      )
(                                                                     )
(---------------------------------------------------------------------)


 Backdrill Setup
 ===============

  Pass definitions:

    From Layer            Objects    Pass  To Layer                      Depth
    ----------            -------    ----  --------                      -----

    Top                   Pins&Vias        All layers                         
    Bottom                Pins&Vias        All layers                         

  Layout cross section:

        Layer                  Thickness    From Top    From Bottom
        -----                  ---------    --------    -----------

     1  TOP                         1.80       11.80
          Dielectric               10.00
     2  BOTTOM                      1.80                      11.80

        Total thickness:           13.60

There are no nets flagged for backdrilling.
