
Mkart.log 01MAY15

300816-11:20

- I - 08_042340a.brd copied to C:\tmp\mkart_backup.brd
- I - BOM and Variants update.  OK
        1 dir(s) moved.
11:20
- I - DBDOCTOR
- I - DBDOCTOR END
11:20
- I - INTENTIONAL SHORTS
- I - No intentional shorts found.
- I - INTENTIONAL SHORTS END
11:20
- I - APERTURE
- I - Rewriting, drill and art param files; resetting aperture wheel; outputing '.dsn' data file for viewer...;and fabmaster file

C:\tmp\20_042340a\worklib\02_042340a_top\physical>extracta 08_042340a.brd cds2f.txt 08_042340a.1out 08_042340a.2out 08_042340a.3out 08_042340a.4out 08_042340a.5out 08_042340a.6out 08_042340a.7out 08_042340a.8out 08_042340a.9out 

C:\tmp\20_042340a\worklib\02_042340a_top\physical>copy 08_042340a.1out+08_042340a.2out+08_042340a.3out+08_042340a.4out+08_042340a.5out+08_042340a.6out+08_042340a.7out+08_042340a.8out+08_042340a.9out cds2f_08_042340a.cad 
08_042340a.1out
08_042340a.2out
08_042340a.3out
08_042340a.4out
08_042340a.5out
08_042340a.6out
08_042340a.7out
08_042340a.8out
08_042340a.9out
        1 file(s) copied.

C:\tmp\20_042340a\worklib\02_042340a_top\physical>del 08_042340a.*out 

C:\tmp\20_042340a\worklib\02_042340a_top\physical>del cds2f.txt 

C:\tmp\20_042340a\worklib\02_042340a_top\physical>del t.bat 
- I - APERTURE END
11:21
- I - CKFLASH
- I - Running ckflash 18NOV14
E- Can't change to directory: ./worklib/02_042340a_top/physical

Loading $CDS_SITE/pcb/skill/allegro.ilinit
Loading  : Sig2AMS.il
function _GetDataList redefined
Loading  : adi_scripts_2011.il
Loading  : adi_scripts_2012.il
function ckflash redefined
function plot_pdf redefined
Loading  : adi_scripts_form_2011.il
Loading  : adi_scripts_form_2012.il
Loading  : cds2f.il
Loading  : ood_shapes.il
Loading  : stats_chippac.il
Loading  : valor_ext.il
Loading  : adiva_iface_v400.il
Loading  : adiva_vio_lnk_v2c.il
function readBatch redefined
function readError redefined
Loading  : spp_RDLSetup.il
Loading  : spp_bump2RDLVia.il
function spp_addBump2RDLVias redefined
function spp_getRDLViaInfo redefined
function spp_getViaLayers redefined
function spp_getSymbol redefined
function spp_isDieBump redefined
function spp_validPadShape redefined
function spp_isRDLViaPlaced redefined
Loading  : spp_rnd_utilities.il
function spp_convertShapesToClines redefined
function spp_addRDLVias redefined
function spp_findD2DPadstack redefined
function spp_getD2DLayerPairs redefined
Loading  : spp_shape2RDL.il
function spp_cnvShape2RDL redefined
Loading Skill file: site.ini
Loading axlcore.cxt 
allegro.ilinit loaded.
W- *WARNING* ADS/EMPro menu load not callable
Opening existing design...
Script version: 16.5
No aperture table found, creating...
Saving aperture: C:/tmp/20_042340a/worklib/02_042340a_top/physical/art_aper.txt
Performing a partial design check before saving.
Writing design to disk.
'08_042340a.brd' saved to disk.

- I - Checking FLASH symbols.
- I - All FLASH symbols found.
- I - CKFLASH END
11:22
- I - REPORTS
- I - REPORTS END

- I - NCTAPE
 Extracting the drilling data from the database ...
 Sorting the drill data ...
 Creating file 'ncdrill-1-2.drl' for holes connecting TOP and BOTTOM  ...
 Done.
- I - NCTAPE END

- I - NCDRILL FILMS
- I - Running ncFilms
- I - NCDRILL FILMS END

- I - ARTWORK
- I - Artwork completed with no errors.
- I - ARTWORK END

- I - PLACEMENT AND CONNECTIONS
- I - Checking sum.txt for component placement and connection completions...
- I - Connections 100% complete!
- I - Components 100% placed!
- I - PLACEMENT AND CONNECTIONS END
11:22
- I - GBXPLOT
- I - Running gbxplot 18JUL08
- I - Creating plt files for artwork files:
assy1 assy2 fab1 fab2 l1_primary l2_secondary mask_prm mask_sec paste_prm silk_prm silk_sec
- I - Plt files created.
- I - Outputing ipc356 data file.
- I - IPC356 file created.
- I - GBXPLOT END
11:23
- I - PDF
- I - Creating non film pdf files

E- Can't change to directory: ./worklib/02_042340a_top/physical

Loading $CDS_SITE/pcb/skill/allegro.ilinit
Loading  : Sig2AMS.il
function _GetDataList redefined
Loading  : adi_scripts_2011.il
Loading  : adi_scripts_2012.il
function ckflash redefined
function plot_pdf redefined
Loading  : adi_scripts_form_2011.il
Loading  : adi_scripts_form_2012.il
Loading  : cds2f.il
Loading  : ood_shapes.il
Loading  : stats_chippac.il
Loading  : valor_ext.il
Loading  : adiva_iface_v400.il
Loading  : adiva_vio_lnk_v2c.il
function readBatch redefined
function readError redefined
Loading  : spp_RDLSetup.il
Loading  : spp_bump2RDLVia.il
function spp_addBump2RDLVias redefined
function spp_getRDLViaInfo redefined
function spp_getViaLayers redefined
function spp_getSymbol redefined
function spp_isDieBump redefined
function spp_validPadShape redefined
function spp_isRDLViaPlaced redefined
Loading  : spp_rnd_utilities.il
function spp_convertShapesToClines redefined
function spp_addRDLVias redefined
function spp_findD2DPadstack redefined
function spp_getD2DLayerPairs redefined
Loading  : spp_shape2RDL.il
function spp_cnvShape2RDL redefined
Loading Skill file: site.ini
Loading axlcore.cxt 
allegro.ilinit loaded.
W- *WARNING* ADS/EMPro menu load not callable
Opening existing design...
Script version: 16.5
- D - setting GS.exe for 64 bit OS

- I - Converting postscript to pdf
"C:\Program Files\gs\gs9.10\bin\gswin64c" -dNOPAUSE -dNOPROMPT -dBATCH -sDEVICE=pdfwrite -sOutputFile=assy1.pdf assy1.ps 
GPL Ghostscript 9.10 (2013-08-30)
Copyright (C) 2013 Artifex Software, Inc.  All rights reserved.
This software comes with NO WARRANTY: see the file PUBLIC for details.
Loading NimbusMonL-Regu font from %rom%Resource/Font/NimbusMonL-Regu... 3995132 2518899 1827432 487004 1 done.
%%[ ProductName: GPL Ghostscript ]%%
%%[Page: 1]%%
%%[LastPage]%%
- D - setting GS.exe for 64 bit OS

- I - Converting postscript to pdf
"C:\Program Files\gs\gs9.10\bin\gswin64c" -dNOPAUSE -dNOPROMPT -dBATCH -sDEVICE=pdfwrite -sOutputFile=assy2.pdf assy2.ps 
GPL Ghostscript 9.10 (2013-08-30)
Copyright (C) 2013 Artifex Software, Inc.  All rights reserved.
This software comes with NO WARRANTY: see the file PUBLIC for details.
Loading NimbusMonL-Regu font from %rom%Resource/Font/NimbusMonL-Regu... 3995132 2518899 1827432 487004 1 done.
%%[ ProductName: GPL Ghostscript ]%%
%%[Page: 1]%%
%%[LastPage]%%
- D - setting GS.exe for 64 bit OS

- I - Converting postscript to pdf
"C:\Program Files\gs\gs9.10\bin\gswin64c" -dNOPAUSE -dNOPROMPT -dBATCH -sDEVICE=pdfwrite -sOutputFile=fab1.pdf fab1.ps 
GPL Ghostscript 9.10 (2013-08-30)
Copyright (C) 2013 Artifex Software, Inc.  All rights reserved.
This software comes with NO WARRANTY: see the file PUBLIC for details.
Loading NimbusMonL-Regu font from %rom%Resource/Font/NimbusMonL-Regu... 3995132 2518898 1827432 487003 1 done.
%%[ ProductName: GPL Ghostscript ]%%
%%[Page: 1]%%
%%[LastPage]%%
- D - setting GS.exe for 64 bit OS

- I - Converting postscript to pdf
"C:\Program Files\gs\gs9.10\bin\gswin64c" -dNOPAUSE -dNOPROMPT -dBATCH -sDEVICE=pdfwrite -sOutputFile=fab2.pdf fab2.ps 
GPL Ghostscript 9.10 (2013-08-30)
Copyright (C) 2013 Artifex Software, Inc.  All rights reserved.
This software comes with NO WARRANTY: see the file PUBLIC for details.
Loading NimbusMonL-Regu font from %rom%Resource/Font/NimbusMonL-Regu... 3995132 2518898 1827432 487003 1 done.
%%[ ProductName: GPL Ghostscript ]%%
%%[Page: 1]%%
%%[LastPage]%%

- I - PDF END
11:24
- I - PACK UP OUTPUT
- I - Sending files to designated sub-directories...
art_7072\fab art_7072\assy art_7072\reports art_7072\params art_7072\logs art_7072\scrs art_7072\plts art_7072\online art_7072\online\bom art_7072\assy\bom

        1 file(s) copied.
- I - assy1.art copied to art_7072\assy
        1 file(s) copied.
- I - assy1.pdf copied to art_7072\assy
        1 file(s) copied.
- I - assy1.plt copied to art_7072\assy
        1 file(s) copied.
- I - assy1.ps copied to art_7072\assy
        1 file(s) copied.
- I - assy2.art copied to art_7072\assy
        1 file(s) copied.
- I - assy2.pdf copied to art_7072\assy
        1 file(s) copied.
- I - assy2.plt copied to art_7072\assy
        1 file(s) copied.
- I - assy2.ps copied to art_7072\assy
        1 file(s) copied.
- I - art_param.txt copied to art_7072\assy
        1 file(s) copied.
- I - pcp.txt copied to art_7072\assy\01_042340a.placement
        1 file(s) copied.
- I - paste_prm.art copied to art_7072\assy
- I - assy1.art moved to art_7072\fab
- I - assy2.art moved to art_7072\fab
- I - fab1.art moved to art_7072\fab
- I - fab2.art moved to art_7072\fab
- I - l1_primary.art moved to art_7072\fab
- I - l2_secondary.art moved to art_7072\fab
- I - mask_prm.art moved to art_7072\fab
- I - mask_sec.art moved to art_7072\fab
- I - paste_prm.art moved to art_7072\fab
- I - silk_prm.art moved to art_7072\fab
- I - silk_sec.art moved to art_7072\fab
- I - sum.txt moved to art_7072\reports
- I - bom.txt moved to art_7072\reports
- I - npr.txt moved to art_7072\reports
- I - drc.rpt moved to art_7072\reports
- I - pcp.txt moved to art_7072\reports
- I - slp.txt moved to art_7072\reports
- I - dangling_lines.rpt moved to art_7072\reports

- I - fab1.pdf moved to art_7072\online\09-042340-01-a-1.pdf

- I - fab2.pdf moved to art_7072\online\09-042340-01-a-2.pdf

- I - assy1.pdf moved to art_7072\online\01-042340-01-a-1.pdf

- I - assy2.pdf moved to art_7072\online\01-042340-01-a-2.pdf
        1 file(s) copied.
- I - nc_param.txt copied to art_7072\params
        1 file(s) copied.
- I - art_param.txt copied to art_7072\params
- I - ncdrill-1-2.drl copied to art_7072\fab
        1 file(s) copied.
- I - ncdrill.log copied to art_7072\logs
- I - ncdrill.log copied to art_7072\fab
- I - nc_param.txt copied to art_7072\fab
- I - art_param.txt copied to art_7072\fab
- I - 08_042340a-ipc356.ipc copied to art_7072\fab
- I - nc_tools_auto.txt copied to art_7072\fab
        1 file(s) copied.
- I - backdrill_analysis.log copied to art_7072\logs
- I - backdrill_analysis.log reports "There are no nets flagged for backdrilling."
- I - Removing backdrill_analysis.log
- I - READ_ME.1 moved to art_7072\fab
- I - cds2f_08_042340a.cad copied to art_7072\assy
- I - No Variants exist, so no Variant PDF's generated
C:\tmp\20_042340a\worklib\02_042340a_top\physical\..\bom\05_042340-a.csv
C:\tmp\20_042340a\worklib\02_042340a_top\physical\..\bom\ADI_BOM.log
C:\tmp\20_042340a\worklib\02_042340a_top\physical\..\bom\ADI_BOM_err.log
C:\tmp\20_042340a\worklib\02_042340a_top\physical\..\bom\bom.log
C:\tmp\20_042340a\worklib\02_042340a_top\physical\..\bom\BOM.rpt
C:\tmp\20_042340a\worklib\02_042340a_top\physical\..\bom\master.tag
        6 file(s) copied.
C:\tmp\20_042340a\worklib\02_042340a_top\physical\..\bom\05_042340-a.csv
C:\tmp\20_042340a\worklib\02_042340a_top\physical\..\bom\ADI_BOM.log
C:\tmp\20_042340a\worklib\02_042340a_top\physical\..\bom\ADI_BOM_err.log
C:\tmp\20_042340a\worklib\02_042340a_top\physical\..\bom\bom.log
C:\tmp\20_042340a\worklib\02_042340a_top\physical\..\bom\BOM.rpt
C:\tmp\20_042340a\worklib\02_042340a_top\physical\..\bom\master.tag
        6 file(s) copied.

- I - Files placed in sub-directories.

- I - PACK UP OUTPUT END

300816-11:24

Mkart Completed!
