(---------------------------------------------------------------------)
(                                                                     )
(    NC DRILL Log                                                     )
(                                                                     )
(    Drawing          : ncdrill                                       )
(    Software Version : 16.6-2015S074                                 )
(    Date/Time        : Tue Aug 30 11:22:16 2016                      )
(                                                                     )
(---------------------------------------------------------------------)



 Processing NC Parameters file 'nc_param.txt' ...

 NC PARAMETERS
 -------------

 FORMAT   		2.4
 MACHINE-OFFSET		x:0.00000	y:0.00000   (inch)
 FEEDRATE		1
 COORDINATES		ABSOLUTE
 OUTPUT-UNITS		ENGLISH
 TOOL-ORDER		INCREASING
 REPEAT-CODES		YES
 SUPPRESS-LEAD-ZEROES	NO
 SUPPRESS-TRAIL-ZEROES	YES
 SUPPRESS-EQUAL		NO
 TOOL-SELECT		YES
 HEADER			08_042340a
 LEADER			12
 CODE			ASCII
 SEPARATE		NO
 SEPARATE-ROUTING	NO
 OPTIMIZE_DRILLING	NO
 ENHANCED_EXCELLON	YES
 SCALE			1.000000

 WARNING(SPMHMF-360): Design precision is greater than that of the drill output file data.
 WARNING(SPMHMF-361): Data rounding errors are very possible.
 WARNING(SPMHMF-368): Cannot find NC Drill tool file 'nc_tools.txt'
 WARNING(SPMHMF-369): ... will auto-generate tool file 'nc_tools_auto.txt'.


     Auto-generating tool file 'nc_tools_auto.txt' ...

           Size  Plating  Tool        + Tolerance  - Tolerance

          12.00  P        T01            0.000000     0.000000
          20.00  P        T02            0.000000     0.000000
          45.00  P        T03            0.000000     0.000000
          70.00  P        T04            0.000000     0.000000
         125.00  N        T05            0.000000     0.000000


 Drill files being output to directory 'C:/tmp/20_042340a/worklib/02_042340a_top/physical' ...



     'ncdrill-1-2.drl' created for holes connecting TOP and BOTTOM
     -------------------------------------------------------------

     Tool  Num     Size      +/- Tolerance     Plating   Quantity

     T01    1.  12.0000    0.0000/  0.0000      PLATED          9
     T02    2.  20.0000    0.0000/  0.0000      PLATED         39
     T03    3.  45.0000    0.0000/  0.0000      PLATED         44
     T04    4.  70.0000    0.0000/  0.0000      PLATED         16
     T05    5. 125.0000    0.0000/  0.0000  NON_PLATED          6

     ---- Total holes:                                        114

     ---- Total head travel:              5.02 feet (1.53 meters)

