(---------------------------------------------------------------------)
(                                                                     )
(    ARTWORK LOG                                                      )
(                                                                     )
(    Drawing          : 08_042340a.brd                                )
(    Software Version : 16.6-2015S074                                 )
(    Date/Time        : Tue Aug 30 11:22:50 2016                      )
(                                                                     )
(---------------------------------------------------------------------)


 ---- Photoplot outline rectangle not found; using drawing extents.



Results from parameter file ...
    DEVICE-TYPE           GERBER_RS274X
    OUTPUT-UNITS          INCHES
    FILM-SIZE             3600000 2400000
    FORMAT                5.5
    ABORT-ON-ERROR        YES
    SCALE                 1
    SUPPRESS-LEAD-ZEROES  YES
    SUPPRESS-TRAIL-ZEROES NO
    SUPPRESS-EQUAL        YES
    UNDEF-APT-CONT        NO


================================================================
     PROCESSING FILM < fab1 >
     TO FILE < C:/tmp/20_042340a/worklib/02_042340a_top/physical/fab1.art > ...
================================================================

  FILM PARAMETERS :
  ---------------------------------------------------------
  Undefined line width                8.00
  Suppress shape fill on neg film     NO
  Mirror code                         NONE
  Rotate angle                        NONE
  Offset x:                           0.00
  Offset y:                           0.00
  Plot negative                       NO
  Suppress unconnected internal pads  NO
  Draw holes only                     NO

    WARNING: text composed 0 width line found at (-3600.00 -2460.00)
           ... using undefined line width of 8.00

    WARNING: 0 width line found at (-3400.00 -210.00)
           ... using undefined line width of 8.00

    WARNING: text having Multiple 0 width lines; all will be treated the same as the first.
           ... using undefined line width of 8.00

    WARNING: Multiple 0 width lines; all will be treated the same as the first.
           ... using undefined line width of 8.00



  APERTURES USED:
  ---------------------------------------------------------
  TYPE       SIZE/NAME                   ROT   MIRROR MODE 
  ---------------------------------------------------------
  CIRCLE     0.00800                                  DARK 

     fab1 created with warnings


================================================================
     PROCESSING FILM < fab2 >
     TO FILE < C:/tmp/20_042340a/worklib/02_042340a_top/physical/fab2.art > ...
================================================================

  FILM PARAMETERS :
  ---------------------------------------------------------
  Undefined line width                8.00
  Suppress shape fill on neg film     NO
  Mirror code                         NONE
  Rotate angle                        NONE
  Offset x:                           0.00
  Offset y:                           0.00
  Plot negative                       NO
  Suppress unconnected internal pads  NO
  Draw holes only                     NO



  APERTURES USED:
  ---------------------------------------------------------
  TYPE       SIZE/NAME                   ROT   MIRROR MODE 
  ---------------------------------------------------------
  CIRCLE     0.00800                                  DARK 
  CIRCLE     0.01200                                  DARK 
  CIRCLE     0.02500                                  DARK 

     fab2 created.


================================================================
     PROCESSING FILM < assy1 >
     TO FILE < C:/tmp/20_042340a/worklib/02_042340a_top/physical/assy1.art > ...
================================================================

  FILM PARAMETERS :
  ---------------------------------------------------------
  Undefined line width                8.00
  Suppress shape fill on neg film     NO
  Mirror code                         NONE
  Rotate angle                        NONE
  Offset x:                           0.00
  Offset y:                           0.00
  Plot negative                       NO
  Suppress unconnected internal pads  NO
  Draw holes only                     NO



  APERTURES USED:
  ---------------------------------------------------------
  TYPE       SIZE/NAME                   ROT   MIRROR MODE 
  ---------------------------------------------------------
  CIRCLE     0.00800                                  DARK 

     assy1 created.


================================================================
     PROCESSING FILM < assy2 >
     TO FILE < C:/tmp/20_042340a/worklib/02_042340a_top/physical/assy2.art > ...
================================================================

  FILM PARAMETERS :
  ---------------------------------------------------------
  Undefined line width                8.00
  Suppress shape fill on neg film     NO
  Mirror code                         X
  Rotate angle                        NONE
  Offset x:                           0.00
  Offset y:                           0.00
  Plot negative                       NO
  Suppress unconnected internal pads  NO
  Draw holes only                     NO



  APERTURES USED:
  ---------------------------------------------------------
  TYPE       SIZE/NAME                   ROT   MIRROR MODE 
  ---------------------------------------------------------
  CIRCLE     0.00800                                  DARK 
  CIRCLE     0.01200                                  DARK 

     assy2 created.


================================================================
     PROCESSING FILM < l1_primary >
     TO FILE < C:/tmp/20_042340a/worklib/02_042340a_top/physical/l1_primary.art > ...
================================================================

  FILM PARAMETERS :
  ---------------------------------------------------------
  Undefined line width                8.00
  Suppress shape fill on neg film     NO
  Mirror code                         NONE
  Rotate angle                        NONE
  Offset x:                           0.00
  Offset y:                           0.00
  Plot negative                       NO
  Suppress unconnected internal pads  NO
  Draw holes only                     NO



  APERTURES USED:
  ---------------------------------------------------------
  TYPE       SIZE/NAME                   ROT   MIRROR MODE 
  ---------------------------------------------------------
  CIRCLE     0.00800                                  DARK 
  CIRCLE     0.01000                                  DARK 
  CIRCLE     0.01500                                  DARK 
  CIRCLE     0.02000                                  DARK 
  CIRCLE     0.02500                                  DARK 
  CIRCLE     0.03000                                  DARK 
  CIRCLE     0.03500                                  DARK 
  CIRCLE     0.04000                                  DARK 
  CIRCLE     0.05000                                  DARK 
  CIRCLE     0.06000                                  DARK 
  CIRCLE     0.06500                                  DARK 
  CIRCLE     0.09000                                  DARK 
  SQUARE     0.06500                     0.000 NO     DARK 
  SQUARE     0.09000                     0.000 NO     DARK 
  SQUARE     0.09100                     0.000 NO     DARK 
  SQUARE     0.14200                     0.000 NO     DARK 
  RECTANGLE  0.02500     x 0.06000       0.000 NO     DARK 
  RECTANGLE  0.03700     x 0.05700       0.000 NO     DARK 
  RECTANGLE  0.05100     x 0.05500      90.000 NO     DARK 
  RECTANGLE  0.05100     x 0.06300       0.000 NO     DARK 
  RECTANGLE  0.05100     x 0.06300      90.000 NO     DARK 
  RECTANGLE  0.06200     x 0.10600       0.000 NO     DARK 
  RECTANGLE  0.07000     x 0.01700      90.000 NO     DARK 
  OBLONG     0.01200     x 0.03500       0.000 NO     DARK 
  OBLONG     0.01200     x 0.03500      90.000 NO     DARK 
  FLASH SYM  CIR40                       0.000 NO     DARK 

     l1_primary created.


================================================================
     PROCESSING FILM < l2_secondary >
     TO FILE < C:/tmp/20_042340a/worklib/02_042340a_top/physical/l2_secondary.art > ...
================================================================

  FILM PARAMETERS :
  ---------------------------------------------------------
  Undefined line width                8.00
  Suppress shape fill on neg film     NO
  Mirror code                         NONE
  Rotate angle                        NONE
  Offset x:                           0.00
  Offset y:                           0.00
  Plot negative                       NO
  Suppress unconnected internal pads  NO
  Draw holes only                     NO



  APERTURES USED:
  ---------------------------------------------------------
  TYPE       SIZE/NAME                   ROT   MIRROR MODE 
  ---------------------------------------------------------
  CIRCLE     0.00800                                  DARK 
  CIRCLE     0.01000                                  DARK 
  CIRCLE     0.01500                                  DARK 
  CIRCLE     0.02000                                  DARK 
  CIRCLE     0.02500                                  DARK 
  CIRCLE     0.03500                                  DARK 
  CIRCLE     0.04000                                  DARK 
  CIRCLE     0.05000                                  DARK 
  CIRCLE     0.06500                                  DARK 
  CIRCLE     0.09000                                  DARK 
  SQUARE     0.06500                     0.000 NO     DARK 
  SQUARE     0.09000                     0.000 NO     DARK 
  FLASH SYM  CIR40                       0.000 NO     DARK 

     l2_secondary created.


================================================================
     PROCESSING FILM < silk_prm >
     TO FILE < C:/tmp/20_042340a/worklib/02_042340a_top/physical/silk_prm.art > ...
================================================================

  FILM PARAMETERS :
  ---------------------------------------------------------
  Undefined line width                8.00
  Suppress shape fill on neg film     NO
  Mirror code                         NONE
  Rotate angle                        NONE
  Offset x:                           0.00
  Offset y:                           0.00
  Plot negative                       NO
  Suppress unconnected internal pads  NO
  Draw holes only                     NO



  APERTURES USED:
  ---------------------------------------------------------
  TYPE       SIZE/NAME                   ROT   MIRROR MODE 
  ---------------------------------------------------------
  CIRCLE     0.00400                                  DARK 
  CIRCLE     0.00800                                  DARK 
  CIRCLE     0.05000                                  DARK 
  CIRCLE     0.06000                                  DARK 

     silk_prm created.


================================================================
     PROCESSING FILM < mask_prm >
     TO FILE < C:/tmp/20_042340a/worklib/02_042340a_top/physical/mask_prm.art > ...
================================================================

  FILM PARAMETERS :
  ---------------------------------------------------------
  Undefined line width                8.00
  Suppress shape fill on neg film     NO
  Mirror code                         NONE
  Rotate angle                        NONE
  Offset x:                           0.00
  Offset y:                           0.00
  Plot negative                       NO
  Suppress unconnected internal pads  NO
  Draw holes only                     NO



  APERTURES USED:
  ---------------------------------------------------------
  TYPE       SIZE/NAME                   ROT   MIRROR MODE 
  ---------------------------------------------------------
  CIRCLE     0.00800                                  DARK 
  CIRCLE     0.02500                                  DARK 
  CIRCLE     0.05000                                  DARK 
  CIRCLE     0.07000                                  DARK 
  CIRCLE     0.09500                                  DARK 
  CIRCLE     0.14500                                  DARK 
  SQUARE     0.07000                     0.000 NO     DARK 
  SQUARE     0.09500                     0.000 NO     DARK 
  SQUARE     0.09600                     0.000 NO     DARK 
  SQUARE     0.14600                     0.000 NO     DARK 
  RECTANGLE  0.03000     x 0.06500       0.000 NO     DARK 
  RECTANGLE  0.04200     x 0.06200       0.000 NO     DARK 
  RECTANGLE  0.05600     x 0.06000      90.000 NO     DARK 
  RECTANGLE  0.05600     x 0.06800       0.000 NO     DARK 
  RECTANGLE  0.05600     x 0.06800      90.000 NO     DARK 
  RECTANGLE  0.06700     x 0.11100       0.000 NO     DARK 
  RECTANGLE  0.07500     x 0.02200      90.000 NO     DARK 
  OBLONG     0.01400     x 0.03900       0.000 NO     DARK 
  OBLONG     0.01400     x 0.03900      90.000 NO     DARK 

     mask_prm created.


================================================================
     PROCESSING FILM < silk_sec >
     TO FILE < C:/tmp/20_042340a/worklib/02_042340a_top/physical/silk_sec.art > ...
================================================================

  FILM PARAMETERS :
  ---------------------------------------------------------
  Undefined line width                8.00
  Suppress shape fill on neg film     NO
  Mirror code                         NONE
  Rotate angle                        NONE
  Offset x:                           0.00
  Offset y:                           0.00
  Plot negative                       NO
  Suppress unconnected internal pads  NO
  Draw holes only                     NO



  APERTURES USED:
  ---------------------------------------------------------
  TYPE       SIZE/NAME                   ROT   MIRROR MODE 
  ---------------------------------------------------------
  CIRCLE     0.00800                                  DARK 
  CIRCLE     0.05000                                  DARK 

     silk_sec created.


================================================================
     PROCESSING FILM < mask_sec >
     TO FILE < C:/tmp/20_042340a/worklib/02_042340a_top/physical/mask_sec.art > ...
================================================================

  FILM PARAMETERS :
  ---------------------------------------------------------
  Undefined line width                8.00
  Suppress shape fill on neg film     NO
  Mirror code                         NONE
  Rotate angle                        NONE
  Offset x:                           0.00
  Offset y:                           0.00
  Plot negative                       NO
  Suppress unconnected internal pads  NO
  Draw holes only                     NO



  APERTURES USED:
  ---------------------------------------------------------
  TYPE       SIZE/NAME                   ROT   MIRROR MODE 
  ---------------------------------------------------------
  CIRCLE     0.00800                                  DARK 
  CIRCLE     0.02500                                  DARK 
  CIRCLE     0.05000                                  DARK 
  CIRCLE     0.07000                                  DARK 
  CIRCLE     0.09500                                  DARK 
  CIRCLE     0.14500                                  DARK 
  SQUARE     0.07000                     0.000 NO     DARK 
  SQUARE     0.09500                     0.000 NO     DARK 

     mask_sec created.


================================================================
     PROCESSING FILM < paste_prm >
     TO FILE < C:/tmp/20_042340a/worklib/02_042340a_top/physical/paste_prm.art > ...
================================================================

  FILM PARAMETERS :
  ---------------------------------------------------------
  Undefined line width                8.00
  Suppress shape fill on neg film     NO
  Mirror code                         NONE
  Rotate angle                        NONE
  Offset x:                           0.00
  Offset y:                           0.00
  Plot negative                       NO
  Suppress unconnected internal pads  NO
  Draw holes only                     NO



  APERTURES USED:
  ---------------------------------------------------------
  TYPE       SIZE/NAME                   ROT   MIRROR MODE 
  ---------------------------------------------------------
  CIRCLE     0.00800                                  DARK 
  CIRCLE     0.05000                                  DARK 
  SQUARE     0.09100                     0.000 NO     DARK 
  SQUARE     0.14200                     0.000 NO     DARK 
  RECTANGLE  0.02500     x 0.06000       0.000 NO     DARK 
  RECTANGLE  0.03700     x 0.05700       0.000 NO     DARK 
  RECTANGLE  0.05100     x 0.05500      90.000 NO     DARK 
  RECTANGLE  0.05100     x 0.06300       0.000 NO     DARK 
  RECTANGLE  0.05100     x 0.06300      90.000 NO     DARK 
  RECTANGLE  0.06200     x 0.10600       0.000 NO     DARK 
  RECTANGLE  0.07000     x 0.01700      90.000 NO     DARK 
  OBLONG     0.01200     x 0.03500       0.000 NO     DARK 
  OBLONG     0.01200     x 0.03500      90.000 NO     DARK 

     paste_prm created.


------------------------------------------------------
 SUMMARY:
        fab1 created with warnings
        fab2 created.
        assy1 created.
        assy2 created.
        l1_primary created.
        l2_secondary created.
        silk_prm created.
        mask_prm created.
        silk_sec created.
        mask_sec created.
        paste_prm created.

 ARTWORK had warnings
