- I - 300816-11:20
- I - Board No. 08-042340
- I - Board Rev. a


- W - fab1 created with warnings
- I - fab2 created.
- I - assy1 created.
- I - assy2 created.
- I - l1_primary created.
- I - l2_secondary created.
- I - silk_prm created.
- I - mask_prm created.
- I - silk_sec created.
- I - mask_sec created.
- I - paste_prm created.

- I - If any artwork was "created with warnings" you MUST check these warnings in the photoplot.log



- I - dbfix                   OK
- I - check for 0 linewidth   OK
- I - PDF creation            OK
- I - mkart run status        OK
- I - ALL warnings (marked "- W -") must be followed up and Waived

- W - Can't move ncroute.log to art_7072\logs at Z:\allegro\v166_site/pcb/pcb_scripts/mkart_2012.pl line 1348.

- I - 300816-11:24
